app/build/intermediates/manifest_merge_blame_file/debug/manifest-merger-blame-debug-report.txt
1<?xml version="1.0" encoding="utf-8"?>
2<manifest xmlns:android="http://schemas.android.com/apk/res/android"
3    package="com.example.testnewsapp"
4    android:versionCode="1"
5    android:versionName="1.0" >
6
7    <uses-sdk
8        android:minSdkVersion="23"
8-->src\main\AndroidManifest.xml
9        android:targetSdkVersion="32" />
9-->src\main\AndroidManifest.xml
10
11    <uses-permission android:name="android.permission.INTERNET" />
11-->src\main\AndroidManifest.xml:6:5-67
11-->src\main\AndroidManifest.xml:6:22-64
12    <uses-permission android:name="android.permission.ACCESS_NETWORK_STATE" />
12-->[com.firebaseui:firebase-ui-auth:8.0.0] AndroidManifest.xml:10:5-79
12-->[com.firebaseui:firebase-ui-auth:8.0.0] AndroidManifest.xml:10:22-76
13    <uses-permission android:name="com.google.android.finsky.permission.BIND_GET_INSTALL_REFERRER_SERVICE" />
13-->[com.android.installreferrer:installreferrer:1.0] AndroidManifest.xml:9:5-110
13-->[com.android.installreferrer:installreferrer:1.0] AndroidManifest.xml:9:22-107
14
15    <application
15-->src\main\AndroidManifest.xml:8:5-60:19
16        android:allowBackup="true"
16-->src\main\AndroidManifest.xml:9:9-35
17        android:appComponentFactory="androidx.core.app.CoreComponentFactory"
17-->[androidx.core:core:1.7.0] AndroidManifest.xml:24:18-86
18        android:debuggable="true"
19        android:extractNativeLibs="false"
20        android:label="@string/app_name"
20-->src\main\AndroidManifest.xml:10:9-41
21        android:roundIcon="@mipmap/ic_launcher_round"
21-->src\main\AndroidManifest.xml:11:9-54
22        android:supportsRtl="true"
22-->src\main\AndroidManifest.xml:12:9-35
23        android:testOnly="true"
24        android:theme="@style/Theme.TestNewsApp" >
24-->src\main\AndroidManifest.xml:13:9-49
25        <activity
25-->src\main\AndroidManifest.xml:14:9-16:40
26            android:name="com.example.testnewsapp.onboarding.OnboardingActivity"
26-->src\main\AndroidManifest.xml:15:13-58
27            android:exported="false" />
27-->src\main\AndroidManifest.xml:16:13-37
28        <activity
28-->src\main\AndroidManifest.xml:17:9-19:40
29            android:name="com.example.testnewsapp.bookmarks.Bookmarks"
29-->src\main\AndroidManifest.xml:18:13-48
30            android:exported="false" />
30-->src\main\AndroidManifest.xml:19:13-37
31        <activity
31-->src\main\AndroidManifest.xml:20:9-22:40
32            android:name="com.example.testnewsapp.login.LoginFirebaseUI"
32-->src\main\AndroidManifest.xml:21:13-50
33            android:exported="false" />
33-->src\main\AndroidManifest.xml:22:13-37
34        <activity
34-->src\main\AndroidManifest.xml:23:9-25:40
35            android:name="com.example.testnewsapp.web_view.WebView"
35-->src\main\AndroidManifest.xml:24:13-45
36            android:exported="false" />
36-->src\main\AndroidManifest.xml:25:13-37
37        <activity
37-->src\main\AndroidManifest.xml:26:9-28:39
38            android:name="com.example.testnewsapp.MainActivity"
38-->src\main\AndroidManifest.xml:27:13-41
39            android:exported="true" />
39-->src\main\AndroidManifest.xml:28:13-36
40        <activity
40-->src\main\AndroidManifest.xml:29:9-37:20
41            android:name="com.example.testnewsapp.login.LoginActivity"
41-->src\main\AndroidManifest.xml:30:13-48
42            android:exported="true" >
42-->src\main\AndroidManifest.xml:31:13-36
43            <intent-filter>
43-->src\main\AndroidManifest.xml:32:13-36:29
44                <action android:name="android.intent.action.MAIN" />
44-->src\main\AndroidManifest.xml:33:17-69
44-->src\main\AndroidManifest.xml:33:25-66
45
46                <category android:name="android.intent.category.LAUNCHER" />
46-->src\main\AndroidManifest.xml:35:17-77
46-->src\main\AndroidManifest.xml:35:27-74
47            </intent-filter>
48        </activity>
49
50        <meta-data
50-->src\main\AndroidManifest.xml:39:9-42:45
51            android:name="com.facebook.sdk.ApplicationId"
51-->src\main\AndroidManifest.xml:40:13-58
52            android:value="@string/facebook_app_id" />
52-->src\main\AndroidManifest.xml:41:13-52
53
54        <activity
54-->src\main\AndroidManifest.xml:44:9-47:48
55            android:name="com.facebook.FacebookActivity"
55-->src\main\AndroidManifest.xml:45:13-57
56            android:configChanges="keyboard|keyboardHidden|screenLayout|screenSize|orientation"
56-->src\main\AndroidManifest.xml:46:13-96
57            android:label="@string/app_name"
57-->src\main\AndroidManifest.xml:47:13-45
58            android:theme="@style/com_facebook_activity_theme" />
58-->[com.facebook.android:facebook-common:8.2.0] AndroidManifest.xml:33:13-63
59        <activity
59-->src\main\AndroidManifest.xml:48:9-59:20
60            android:name="com.facebook.CustomTabActivity"
60-->src\main\AndroidManifest.xml:49:13-58
61            android:exported="true" >
61-->src\main\AndroidManifest.xml:50:13-36
62            <intent-filter>
62-->src\main\AndroidManifest.xml:51:13-58:29
63                <action android:name="android.intent.action.VIEW" />
63-->src\main\AndroidManifest.xml:52:17-69
63-->src\main\AndroidManifest.xml:52:25-66
64
65                <category android:name="android.intent.category.DEFAULT" />
65-->src\main\AndroidManifest.xml:54:17-76
65-->src\main\AndroidManifest.xml:54:27-73
66                <category android:name="android.intent.category.BROWSABLE" />
66-->src\main\AndroidManifest.xml:55:17-78
66-->src\main\AndroidManifest.xml:55:27-75
67
68                <data android:scheme="@string/fb_login_protocol_scheme" />
68-->src\main\AndroidManifest.xml:57:17-75
68-->src\main\AndroidManifest.xml:57:23-72
69            </intent-filter>
70            <intent-filter>
70-->[com.firebaseui:firebase-ui-auth:8.0.0] AndroidManifest.xml:90:13-97:29
71                <action android:name="android.intent.action.VIEW" />
71-->src\main\AndroidManifest.xml:52:17-69
71-->src\main\AndroidManifest.xml:52:25-66
72
73                <category android:name="android.intent.category.DEFAULT" />
73-->src\main\AndroidManifest.xml:54:17-76
73-->src\main\AndroidManifest.xml:54:27-73
74                <category android:name="android.intent.category.BROWSABLE" />
74-->src\main\AndroidManifest.xml:55:17-78
74-->src\main\AndroidManifest.xml:55:27-75
75
76                <data android:scheme="@string/facebook_login_protocol_scheme" />
76-->src\main\AndroidManifest.xml:57:17-75
76-->src\main\AndroidManifest.xml:57:23-72
77            </intent-filter>
78            <intent-filter>
78-->[com.facebook.android:facebook-common:8.2.0] AndroidManifest.xml:39:13-48:29
79                <action android:name="android.intent.action.VIEW" />
79-->src\main\AndroidManifest.xml:52:17-69
79-->src\main\AndroidManifest.xml:52:25-66
80
81                <category android:name="android.intent.category.DEFAULT" />
81-->src\main\AndroidManifest.xml:54:17-76
81-->src\main\AndroidManifest.xml:54:27-73
82                <category android:name="android.intent.category.BROWSABLE" />
82-->src\main\AndroidManifest.xml:55:17-78
82-->src\main\AndroidManifest.xml:55:27-75
83
84                <data
84-->src\main\AndroidManifest.xml:57:17-75
85                    android:host="cct.com.example.testnewsapp"
86                    android:scheme="fbconnect" />
86-->src\main\AndroidManifest.xml:57:23-72
87            </intent-filter>
88        </activity>
89
90        <meta-data
90-->[com.firebaseui:firebase-ui-auth:8.0.0] AndroidManifest.xml:14:9-16:69
91            android:name="com.google.android.gms.version"
91-->[com.firebaseui:firebase-ui-auth:8.0.0] AndroidManifest.xml:15:13-58
92            android:value="@integer/google_play_services_version" />
92-->[com.firebaseui:firebase-ui-auth:8.0.0] AndroidManifest.xml:16:13-66
93
94        <activity
94-->[com.firebaseui:firebase-ui-auth:8.0.0] AndroidManifest.xml:21:9-25:61
95            android:name="com.firebase.ui.auth.KickoffActivity"
95-->[com.firebaseui:firebase-ui-auth:8.0.0] AndroidManifest.xml:22:13-64
96            android:exported="false"
96-->[com.firebaseui:firebase-ui-auth:8.0.0] AndroidManifest.xml:23:13-37
97            android:label=""
97-->[com.firebaseui:firebase-ui-auth:8.0.0] AndroidManifest.xml:24:13-29
98            android:theme="@style/FirebaseUI.Transparent" />
98-->[com.firebaseui:firebase-ui-auth:8.0.0] AndroidManifest.xml:25:13-58
99        <activity
99-->[com.firebaseui:firebase-ui-auth:8.0.0] AndroidManifest.xml:26:9-30:61
100            android:name="com.firebase.ui.auth.ui.idp.SingleSignInActivity"
100-->[com.firebaseui:firebase-ui-auth:8.0.0] AndroidManifest.xml:27:13-76
101            android:exported="false"
101-->[com.firebaseui:firebase-ui-auth:8.0.0] AndroidManifest.xml:28:13-37
102            android:label=""
102-->[com.firebaseui:firebase-ui-auth:8.0.0] AndroidManifest.xml:29:13-29
103            android:theme="@style/FirebaseUI.Transparent" />
103-->[com.firebaseui:firebase-ui-auth:8.0.0] AndroidManifest.xml:30:13-58
104        <activity
104-->[com.firebaseui:firebase-ui-auth:8.0.0] AndroidManifest.xml:31:9-35:61
105            android:name="com.firebase.ui.auth.ui.credentials.CredentialSaveActivity"
105-->[com.firebaseui:firebase-ui-auth:8.0.0] AndroidManifest.xml:32:13-86
106            android:exported="false"
106-->[com.firebaseui:firebase-ui-auth:8.0.0] AndroidManifest.xml:33:13-37
107            android:label=""
107-->[com.firebaseui:firebase-ui-auth:8.0.0] AndroidManifest.xml:34:13-29
108            android:theme="@style/FirebaseUI.Transparent" />
108-->[com.firebaseui:firebase-ui-auth:8.0.0] AndroidManifest.xml:35:13-58
109        <activity
109-->[com.firebaseui:firebase-ui-auth:8.0.0] AndroidManifest.xml:36:9-40:58
110            android:name="com.firebase.ui.auth.ui.email.RecoverPasswordActivity"
110-->[com.firebaseui:firebase-ui-auth:8.0.0] AndroidManifest.xml:37:13-81
111            android:exported="false"
111-->[com.firebaseui:firebase-ui-auth:8.0.0] AndroidManifest.xml:38:13-37
112            android:label="@string/fui_title_recover_password_activity"
112-->[com.firebaseui:firebase-ui-auth:8.0.0] AndroidManifest.xml:39:13-72
113            android:windowSoftInputMode="adjustResize" />
113-->[com.firebaseui:firebase-ui-auth:8.0.0] AndroidManifest.xml:40:13-55
114        <activity
114-->[com.firebaseui:firebase-ui-auth:8.0.0] AndroidManifest.xml:41:9-45:58
115            android:name="com.firebase.ui.auth.ui.email.EmailActivity"
115-->[com.firebaseui:firebase-ui-auth:8.0.0] AndroidManifest.xml:42:13-71
116            android:exported="false"
116-->[com.firebaseui:firebase-ui-auth:8.0.0] AndroidManifest.xml:43:13-37
117            android:label="@string/fui_sign_in_default"
117-->[com.firebaseui:firebase-ui-auth:8.0.0] AndroidManifest.xml:44:13-56
118            android:windowSoftInputMode="adjustResize" />
118-->[com.firebaseui:firebase-ui-auth:8.0.0] AndroidManifest.xml:45:13-55
119        <activity
119-->[com.firebaseui:firebase-ui-auth:8.0.0] AndroidManifest.xml:46:9-50:77
120            android:name="com.firebase.ui.auth.ui.phone.PhoneActivity"
120-->[com.firebaseui:firebase-ui-auth:8.0.0] AndroidManifest.xml:47:13-71
121            android:exported="false"
121-->[com.firebaseui:firebase-ui-auth:8.0.0] AndroidManifest.xml:48:13-37
122            android:label="@string/fui_sign_in_with_phone_number"
122-->[com.firebaseui:firebase-ui-auth:8.0.0] AndroidManifest.xml:49:13-66
123            android:windowSoftInputMode="adjustResize|stateAlwaysVisible" />
123-->[com.firebaseui:firebase-ui-auth:8.0.0] AndroidManifest.xml:50:13-74
124        <activity
124-->[com.firebaseui:firebase-ui-auth:8.0.0] AndroidManifest.xml:51:9-55:58
125            android:name="com.firebase.ui.auth.ui.idp.WelcomeBackIdpPrompt"
125-->[com.firebaseui:firebase-ui-auth:8.0.0] AndroidManifest.xml:52:13-76
126            android:exported="false"
126-->[com.firebaseui:firebase-ui-auth:8.0.0] AndroidManifest.xml:53:13-37
127            android:label="@string/fui_title_welcome_back_idp_prompt"
127-->[com.firebaseui:firebase-ui-auth:8.0.0] AndroidManifest.xml:54:13-70
128            android:windowSoftInputMode="adjustResize" />
128-->[com.firebaseui:firebase-ui-auth:8.0.0] AndroidManifest.xml:55:13-55
129        <activity
129-->[com.firebaseui:firebase-ui-auth:8.0.0] AndroidManifest.xml:56:9-60:58
130            android:name="com.firebase.ui.auth.ui.email.WelcomeBackPasswordPrompt"
130-->[com.firebaseui:firebase-ui-auth:8.0.0] AndroidManifest.xml:57:13-83
131            android:exported="false"
131-->[com.firebaseui:firebase-ui-auth:8.0.0] AndroidManifest.xml:58:13-37
132            android:label="@string/fui_title_welcome_back_password_prompt"
132-->[com.firebaseui:firebase-ui-auth:8.0.0] AndroidManifest.xml:59:13-75
133            android:windowSoftInputMode="adjustResize" />
133-->[com.firebaseui:firebase-ui-auth:8.0.0] AndroidManifest.xml:60:13-55
134        <activity
134-->[com.firebaseui:firebase-ui-auth:8.0.0] AndroidManifest.xml:61:9-65:58
135            android:name="com.firebase.ui.auth.ui.email.WelcomeBackEmailLinkPrompt"
135-->[com.firebaseui:firebase-ui-auth:8.0.0] AndroidManifest.xml:62:13-84
136            android:exported="false"
136-->[com.firebaseui:firebase-ui-auth:8.0.0] AndroidManifest.xml:63:13-37
137            android:label="@string/fui_title_welcome_back_password_prompt"
137-->[com.firebaseui:firebase-ui-auth:8.0.0] AndroidManifest.xml:64:13-75
138            android:windowSoftInputMode="adjustResize" />
138-->[com.firebaseui:firebase-ui-auth:8.0.0] AndroidManifest.xml:65:13-55
139        <activity
139-->[com.firebaseui:firebase-ui-auth:8.0.0] AndroidManifest.xml:66:9-71:58
140            android:name="com.firebase.ui.auth.ui.email.EmailLinkCatcherActivity"
140-->[com.firebaseui:firebase-ui-auth:8.0.0] AndroidManifest.xml:67:13-82
141            android:exported="false"
141-->[com.firebaseui:firebase-ui-auth:8.0.0] AndroidManifest.xml:68:13-37
142            android:label=""
142-->[com.firebaseui:firebase-ui-auth:8.0.0] AndroidManifest.xml:69:13-29
143            android:theme="@style/FirebaseUI.Transparent"
143-->[com.firebaseui:firebase-ui-auth:8.0.0] AndroidManifest.xml:70:13-58
144            android:windowSoftInputMode="adjustResize" />
144-->[com.firebaseui:firebase-ui-auth:8.0.0] AndroidManifest.xml:71:13-55
145        <activity
145-->[com.firebaseui:firebase-ui-auth:8.0.0] AndroidManifest.xml:72:9-76:58
146            android:name="com.firebase.ui.auth.ui.email.EmailLinkErrorRecoveryActivity"
146-->[com.firebaseui:firebase-ui-auth:8.0.0] AndroidManifest.xml:73:13-88
147            android:exported="false"
147-->[com.firebaseui:firebase-ui-auth:8.0.0] AndroidManifest.xml:74:13-37
148            android:label="@string/fui_sign_in_default"
148-->[com.firebaseui:firebase-ui-auth:8.0.0] AndroidManifest.xml:75:13-56
149            android:windowSoftInputMode="adjustResize" />
149-->[com.firebaseui:firebase-ui-auth:8.0.0] AndroidManifest.xml:76:13-55
150        <activity
150-->[com.firebaseui:firebase-ui-auth:8.0.0] AndroidManifest.xml:77:9-80:65
151            android:name="com.firebase.ui.auth.ui.idp.AuthMethodPickerActivity"
151-->[com.firebaseui:firebase-ui-auth:8.0.0] AndroidManifest.xml:78:13-80
152            android:exported="false"
152-->[com.firebaseui:firebase-ui-auth:8.0.0] AndroidManifest.xml:79:13-37
153            android:label="@string/fui_default_toolbar_title" />
153-->[com.firebaseui:firebase-ui-auth:8.0.0] AndroidManifest.xml:80:13-62
154
155        <provider
155-->[com.firebaseui:firebase-ui-auth:8.0.0] AndroidManifest.xml:100:9-104:38
156            android:name="com.firebase.ui.auth.data.client.AuthUiInitProvider"
156-->[com.firebaseui:firebase-ui-auth:8.0.0] AndroidManifest.xml:101:13-79
157            android:authorities="com.example.testnewsapp.authuiinitprovider"
157-->[com.firebaseui:firebase-ui-auth:8.0.0] AndroidManifest.xml:102:13-70
158            android:exported="false"
158-->[com.firebaseui:firebase-ui-auth:8.0.0] AndroidManifest.xml:103:13-37
159            android:initOrder="90" />
159-->[com.firebaseui:firebase-ui-auth:8.0.0] AndroidManifest.xml:104:13-35
160
161        <activity android:name="com.facebook.CustomTabMainActivity" />
161-->[com.facebook.android:facebook-common:8.2.0] AndroidManifest.xml:34:9-71
161-->[com.facebook.android:facebook-common:8.2.0] AndroidManifest.xml:34:19-68
162
163        <uses-library
163-->[androidx.window:window:1.0.0] AndroidManifest.xml:25:9-27:40
164            android:name="androidx.window.extensions"
164-->[androidx.window:window:1.0.0] AndroidManifest.xml:26:13-54
165            android:required="false" />
165-->[androidx.window:window:1.0.0] AndroidManifest.xml:27:13-37
166        <uses-library
166-->[androidx.window:window:1.0.0] AndroidManifest.xml:28:9-30:40
167            android:name="androidx.window.sidecar"
167-->[androidx.window:window:1.0.0] AndroidManifest.xml:29:13-51
168            android:required="false" />
168-->[androidx.window:window:1.0.0] AndroidManifest.xml:30:13-37
169
170        <service
170-->[com.google.firebase:firebase-auth-ktx:21.0.1] AndroidManifest.xml:8:9-14:19
171            android:name="com.google.firebase.components.ComponentDiscoveryService"
171-->[com.google.firebase:firebase-auth-ktx:21.0.1] AndroidManifest.xml:9:13-84
172            android:directBootAware="true"
172-->[com.google.firebase:firebase-common:20.0.0] AndroidManifest.xml:35:13-43
173            android:exported="false" >
173-->[com.google.firebase:firebase-auth-ktx:21.0.1] AndroidManifest.xml:10:13-37
174            <meta-data
174-->[com.google.firebase:firebase-auth-ktx:21.0.1] AndroidManifest.xml:11:13-13:85
175                android:name="com.google.firebase.components:com.google.firebase.auth.ktx.FirebaseAuthKtxRegistrar"
175-->[com.google.firebase:firebase-auth-ktx:21.0.1] AndroidManifest.xml:12:17-116
176                android:value="com.google.firebase.components.ComponentRegistrar" />
176-->[com.google.firebase:firebase-auth-ktx:21.0.1] AndroidManifest.xml:13:17-82
177            <meta-data
177-->[com.google.firebase:firebase-auth:21.0.1] AndroidManifest.xml:77:13-79:85
178                android:name="com.google.firebase.components:com.google.firebase.auth.FirebaseAuthRegistrar"
178-->[com.google.firebase:firebase-auth:21.0.1] AndroidManifest.xml:78:17-109
179                android:value="com.google.firebase.components.ComponentRegistrar" />
179-->[com.google.firebase:firebase-auth:21.0.1] AndroidManifest.xml:79:17-82
180            <meta-data
180-->[com.google.firebase:firebase-database-ktx:20.0.3] AndroidManifest.xml:15:13-17:85
181                android:name="com.google.firebase.components:com.google.firebase.database.ktx.FirebaseDatabaseKtxRegistrar"
181-->[com.google.firebase:firebase-database-ktx:20.0.3] AndroidManifest.xml:16:17-124
182                android:value="com.google.firebase.components.ComponentRegistrar" />
182-->[com.google.firebase:firebase-database-ktx:20.0.3] AndroidManifest.xml:17:17-82
183            <meta-data
183-->[com.google.firebase:firebase-database:20.0.3] AndroidManifest.xml:32:13-34:85
184                android:name="com.google.firebase.components:com.google.firebase.database.DatabaseRegistrar"
184-->[com.google.firebase:firebase-database:20.0.3] AndroidManifest.xml:33:17-109
185                android:value="com.google.firebase.components.ComponentRegistrar" />
185-->[com.google.firebase:firebase-database:20.0.3] AndroidManifest.xml:34:17-82
186            <meta-data
186-->[com.google.firebase:firebase-common-ktx:20.0.0] AndroidManifest.xml:15:13-17:85
187                android:name="com.google.firebase.components:com.google.firebase.ktx.FirebaseCommonKtxRegistrar"
187-->[com.google.firebase:firebase-common-ktx:20.0.0] AndroidManifest.xml:16:17-113
188                android:value="com.google.firebase.components.ComponentRegistrar" />
188-->[com.google.firebase:firebase-common-ktx:20.0.0] AndroidManifest.xml:17:17-82
189        </service>
190
191        <activity
191-->[com.google.firebase:firebase-auth:21.0.1] AndroidManifest.xml:27:9-44:20
192            android:name="com.google.firebase.auth.internal.GenericIdpActivity"
192-->[com.google.firebase:firebase-auth:21.0.1] AndroidManifest.xml:28:13-80
193            android:excludeFromRecents="true"
193-->[com.google.firebase:firebase-auth:21.0.1] AndroidManifest.xml:29:13-46
194            android:exported="true"
194-->[com.google.firebase:firebase-auth:21.0.1] AndroidManifest.xml:30:13-36
195            android:launchMode="singleTask"
195-->[com.google.firebase:firebase-auth:21.0.1] AndroidManifest.xml:31:13-44
196            android:theme="@android:style/Theme.Translucent.NoTitleBar" >
196-->[com.google.firebase:firebase-auth:21.0.1] AndroidManifest.xml:32:13-72
197            <intent-filter>
197-->[com.google.firebase:firebase-auth:21.0.1] AndroidManifest.xml:33:13-43:29
198                <action android:name="android.intent.action.VIEW" />
198-->src\main\AndroidManifest.xml:52:17-69
198-->src\main\AndroidManifest.xml:52:25-66
199
200                <category android:name="android.intent.category.DEFAULT" />
200-->src\main\AndroidManifest.xml:54:17-76
200-->src\main\AndroidManifest.xml:54:27-73
201                <category android:name="android.intent.category.BROWSABLE" />
201-->src\main\AndroidManifest.xml:55:17-78
201-->src\main\AndroidManifest.xml:55:27-75
202
203                <data
203-->src\main\AndroidManifest.xml:57:17-75
204                    android:host="firebase.auth"
205                    android:path="/"
206                    android:scheme="genericidp" />
206-->src\main\AndroidManifest.xml:57:23-72
207            </intent-filter>
208        </activity>
209        <activity
209-->[com.google.firebase:firebase-auth:21.0.1] AndroidManifest.xml:45:9-62:20
210            android:name="com.google.firebase.auth.internal.RecaptchaActivity"
210-->[com.google.firebase:firebase-auth:21.0.1] AndroidManifest.xml:46:13-79
211            android:excludeFromRecents="true"
211-->[com.google.firebase:firebase-auth:21.0.1] AndroidManifest.xml:47:13-46
212            android:exported="true"
212-->[com.google.firebase:firebase-auth:21.0.1] AndroidManifest.xml:48:13-36
213            android:launchMode="singleTask"
213-->[com.google.firebase:firebase-auth:21.0.1] AndroidManifest.xml:49:13-44
214            android:theme="@android:style/Theme.Translucent.NoTitleBar" >
214-->[com.google.firebase:firebase-auth:21.0.1] AndroidManifest.xml:50:13-72
215            <intent-filter>
215-->[com.google.firebase:firebase-auth:21.0.1] AndroidManifest.xml:51:13-61:29
216                <action android:name="android.intent.action.VIEW" />
216-->src\main\AndroidManifest.xml:52:17-69
216-->src\main\AndroidManifest.xml:52:25-66
217
218                <category android:name="android.intent.category.DEFAULT" />
218-->src\main\AndroidManifest.xml:54:17-76
218-->src\main\AndroidManifest.xml:54:27-73
219                <category android:name="android.intent.category.BROWSABLE" />
219-->src\main\AndroidManifest.xml:55:17-78
219-->src\main\AndroidManifest.xml:55:27-75
220
221                <data
221-->src\main\AndroidManifest.xml:57:17-75
222                    android:host="firebase.auth"
223                    android:path="/"
224                    android:scheme="recaptcha" />
224-->src\main\AndroidManifest.xml:57:23-72
225            </intent-filter>
226        </activity>
227
228        <service
228-->[com.google.firebase:firebase-auth:21.0.1] AndroidManifest.xml:64:9-73:19
229            android:name="com.google.firebase.auth.api.fallback.service.FirebaseAuthFallbackService"
229-->[com.google.firebase:firebase-auth:21.0.1] AndroidManifest.xml:65:13-101
230            android:enabled="true"
230-->[com.google.firebase:firebase-auth:21.0.1] AndroidManifest.xml:66:13-35
231            android:exported="false" >
231-->[com.google.firebase:firebase-auth:21.0.1] AndroidManifest.xml:67:13-37
232            <intent-filter>
232-->[com.google.firebase:firebase-auth:21.0.1] AndroidManifest.xml:68:13-72:29
233                <action android:name="com.google.firebase.auth.api.gms.service.START" />
233-->[com.google.firebase:firebase-auth:21.0.1] AndroidManifest.xml:69:17-89
233-->[com.google.firebase:firebase-auth:21.0.1] AndroidManifest.xml:69:25-86
234
235                <category android:name="android.intent.category.DEFAULT" />
235-->src\main\AndroidManifest.xml:54:17-76
235-->src\main\AndroidManifest.xml:54:27-73
236            </intent-filter>
237        </service>
238
239        <activity
239-->[com.google.android.gms:play-services-auth:19.0.0] AndroidManifest.xml:23:9-27:75
240            android:name="com.google.android.gms.auth.api.signin.internal.SignInHubActivity"
240-->[com.google.android.gms:play-services-auth:19.0.0] AndroidManifest.xml:24:13-93
241            android:excludeFromRecents="true"
241-->[com.google.android.gms:play-services-auth:19.0.0] AndroidManifest.xml:25:13-46
242            android:exported="false"
242-->[com.google.android.gms:play-services-auth:19.0.0] AndroidManifest.xml:26:13-37
243            android:theme="@android:style/Theme.Translucent.NoTitleBar" />
243-->[com.google.android.gms:play-services-auth:19.0.0] AndroidManifest.xml:27:13-72
244        <!--
245            Service handling Google Sign-In user revocation. For apps that do not integrate with
246            Google Sign-In, this service will never be started.
247        -->
248        <service
248-->[com.google.android.gms:play-services-auth:19.0.0] AndroidManifest.xml:33:9-37:51
249            android:name="com.google.android.gms.auth.api.signin.RevocationBoundService"
249-->[com.google.android.gms:play-services-auth:19.0.0] AndroidManifest.xml:34:13-89
250            android:exported="true"
250-->[com.google.android.gms:play-services-auth:19.0.0] AndroidManifest.xml:35:13-36
251            android:permission="com.google.android.gms.auth.api.signin.permission.REVOCATION_NOTIFICATION"
251-->[com.google.android.gms:play-services-auth:19.0.0] AndroidManifest.xml:36:13-107
252            android:visibleToInstantApps="true" />
252-->[com.google.android.gms:play-services-auth:19.0.0] AndroidManifest.xml:37:13-48
253
254        <activity
254-->[com.google.android.gms:play-services-base:17.1.0] AndroidManifest.xml:23:9-26:75
255            android:name="com.google.android.gms.common.api.GoogleApiActivity"
255-->[com.google.android.gms:play-services-base:17.1.0] AndroidManifest.xml:24:13-79
256            android:exported="false"
256-->[com.google.android.gms:play-services-base:17.1.0] AndroidManifest.xml:25:13-37
257            android:theme="@android:style/Theme.Translucent.NoTitleBar" />
257-->[com.google.android.gms:play-services-base:17.1.0] AndroidManifest.xml:26:13-72
258
259        <provider
259-->[com.google.firebase:firebase-common:20.0.0] AndroidManifest.xml:26:9-31:39
260            android:name="com.google.firebase.provider.FirebaseInitProvider"
260-->[com.google.firebase:firebase-common:20.0.0] AndroidManifest.xml:27:13-77
261            android:authorities="com.example.testnewsapp.firebaseinitprovider"
261-->[com.google.firebase:firebase-common:20.0.0] AndroidManifest.xml:28:13-72
262            android:directBootAware="true"
262-->[com.google.firebase:firebase-common:20.0.0] AndroidManifest.xml:29:13-43
263            android:exported="false"
263-->[com.google.firebase:firebase-common:20.0.0] AndroidManifest.xml:30:13-37
264            android:initOrder="100" />
264-->[com.google.firebase:firebase-common:20.0.0] AndroidManifest.xml:31:13-36
265        <provider
265-->[androidx.emoji2:emoji2:1.0.0] AndroidManifest.xml:26:9-34:20
266            android:name="androidx.startup.InitializationProvider"
266-->[androidx.emoji2:emoji2:1.0.0] AndroidManifest.xml:27:13-67
267            android:authorities="com.example.testnewsapp.androidx-startup"
267-->[androidx.emoji2:emoji2:1.0.0] AndroidManifest.xml:28:13-68
268            android:exported="false" >
268-->[androidx.emoji2:emoji2:1.0.0] AndroidManifest.xml:29:13-37
269            <meta-data
269-->[androidx.emoji2:emoji2:1.0.0] AndroidManifest.xml:31:13-33:52
270                android:name="androidx.emoji2.text.EmojiCompatInitializer"
270-->[androidx.emoji2:emoji2:1.0.0] AndroidManifest.xml:32:17-75
271                android:value="androidx.startup" />
271-->[androidx.emoji2:emoji2:1.0.0] AndroidManifest.xml:33:17-49
272            <meta-data
272-->[androidx.lifecycle:lifecycle-process:2.4.0] AndroidManifest.xml:31:13-33:52
273                android:name="androidx.lifecycle.ProcessLifecycleInitializer"
273-->[androidx.lifecycle:lifecycle-process:2.4.0] AndroidManifest.xml:32:17-78
274                android:value="androidx.startup" />
274-->[androidx.lifecycle:lifecycle-process:2.4.0] AndroidManifest.xml:33:17-49
275        </provider>
276        <!--
277         The initialization ContentProvider will call FacebookSdk.sdkInitialize automatically
278         with the application context. This config is merged in with the host app's manifest,
279         but there can only be one provider with the same authority activated at any given
280         point; so if the end user has two or more different apps that use Facebook SDK, only the
281         first one will be able to use the provider. To work around this problem, we use the
282         following placeholder in the authority to identify each host application as if it was
283         a completely different provider.
284        -->
285        <provider
285-->[com.facebook.android:facebook-core:8.2.0] AndroidManifest.xml:39:9-42:40
286            android:name="com.facebook.internal.FacebookInitProvider"
286-->[com.facebook.android:facebook-core:8.2.0] AndroidManifest.xml:40:13-70
287            android:authorities="com.example.testnewsapp.FacebookInitProvider"
287-->[com.facebook.android:facebook-core:8.2.0] AndroidManifest.xml:41:13-72
288            android:exported="false" />
288-->[com.facebook.android:facebook-core:8.2.0] AndroidManifest.xml:42:13-37
289
290        <receiver